<?xml version="1.0" encoding="UTF-8"?>
<coverage generated="1697222759221" clover="3.2.0">
  <project timestamp="1697222759222" name="All files">
    <metrics statements="141" coveredstatements="115" conditionals="54" coveredconditionals="44" methods="73" coveredmethods="56" elements="268" coveredelements="215" complexity="0" loc="141" ncloc="141" packages="3" files="12" classes="12"/>
    <package name="src">
      <metrics statements="3" coveredstatements="2" conditionals="4" coveredconditionals="2" methods="2" coveredmethods="1"/>
      <file name="App.tsx" path="C:\Users\avasw\quizzer2\src\App.tsx">
        <metrics statements="3" coveredstatements="2" conditionals="4" coveredconditionals="2" methods="2" coveredmethods="1"/>
        <line num="8" count="2" type="stmt"/>
        <line num="10" count="1" type="stmt"/>
        <line num="16" count="0" type="stmt"/>
      </file>
    </package>
    <package name="src.interfaces">
      <metrics statements="0" coveredstatements="0" conditionals="0" coveredconditionals="0" methods="0" coveredmethods="0"/>
      <file name="question.ts" path="C:\Users\avasw\quizzer2\src\interfaces\question.ts">
        <metrics statements="0" coveredstatements="0" conditionals="0" coveredconditionals="0" methods="0" coveredmethods="0"/>
      </file>
      <file name="quiz.ts" path="C:\Users\avasw\quizzer2\src\interfaces\quiz.ts">
        <metrics statements="0" coveredstatements="0" conditionals="0" coveredconditionals="0" methods="0" coveredmethods="0"/>
      </file>
    </package>
    <package name="src.quizzer">
      <metrics statements="138" coveredstatements="113" conditionals="50" coveredconditionals="42" methods="71" coveredmethods="55"/>
      <file name="AddQuizModal.tsx" path="C:\Users\avasw\quizzer2\src\quizzer\AddQuizModal.tsx">
        <metrics statements="14" coveredstatements="9" conditionals="0" coveredconditionals="0" methods="5" coveredmethods="2"/>
        <line num="4" count="2" type="stmt"/>
        <line num="13" count="32" type="stmt"/>
        <line num="14" count="32" type="stmt"/>
        <line num="16" count="32" type="stmt"/>
        <line num="17" count="1" type="stmt"/>
        <line num="18" count="1" type="stmt"/>
        <line num="19" count="1" type="stmt"/>
        <line num="20" count="1" type="stmt"/>
        <line num="23" count="32" type="stmt"/>
        <line num="36" count="0" type="stmt"/>
        <line num="45" count="0" type="stmt"/>
        <line num="53" count="0" type="stmt"/>
        <line num="54" count="0" type="stmt"/>
        <line num="55" count="0" type="stmt"/>
      </file>
      <file name="QuestionEdit.tsx" path="C:\Users\avasw\quizzer2\src\quizzer\QuestionEdit.tsx">
        <metrics statements="30" coveredstatements="14" conditionals="12" coveredconditionals="8" methods="15" coveredmethods="6"/>
        <line num="7" count="2" type="stmt"/>
        <line num="20" count="127" type="stmt"/>
        <line num="21" count="126" type="stmt"/>
        <line num="24" count="127" type="stmt"/>
        <line num="25" count="0" type="stmt"/>
        <line num="27" count="0" type="cond" truecount="0" falsecount="2"/>
        <line num="28" count="0" type="stmt"/>
        <line num="36" count="127" type="stmt"/>
        <line num="37" count="1" type="stmt"/>
        <line num="38" count="1" type="stmt"/>
        <line num="46" count="127" type="stmt"/>
        <line num="47" count="0" type="stmt"/>
        <line num="48" count="0" type="stmt"/>
        <line num="51" count="127" type="stmt"/>
        <line num="55" count="0" type="stmt"/>
        <line num="56" count="0" type="stmt"/>
        <line num="57" count="0" type="stmt"/>
        <line num="64" count="127" type="stmt"/>
        <line num="65" count="0" type="stmt"/>
        <line num="66" count="0" type="stmt"/>
        <line num="67" count="0" type="stmt"/>
        <line num="73" count="127" type="stmt"/>
        <line num="90" count="0" type="stmt"/>
        <line num="163" count="0" type="stmt"/>
        <line num="176" count="192" type="stmt"/>
        <line num="197" count="0" type="stmt"/>
        <line num="215" count="2" type="stmt"/>
        <line num="224" count="0" type="stmt"/>
        <line num="240" count="1" type="stmt"/>
        <line num="249" count="0" type="stmt"/>
      </file>
      <file name="QuizCard.tsx" path="C:\Users\avasw\quizzer2\src\quizzer\QuizCard.tsx">
        <metrics statements="5" coveredstatements="5" conditionals="5" coveredconditionals="4" methods="3" coveredmethods="3"/>
        <line num="7" count="2" type="stmt"/>
        <line num="12" count="90" type="stmt"/>
        <line num="14" count="356" type="cond" truecount="3" falsecount="0"/>
        <line num="17" count="90" type="stmt"/>
        <line num="23" count="10" type="stmt"/>
      </file>
      <file name="QuizEdit.tsx" path="C:\Users\avasw\quizzer2\src\quizzer\QuizEdit.tsx">
        <metrics statements="25" coveredstatements="21" conditionals="6" coveredconditionals="6" methods="15" coveredmethods="11"/>
        <line num="9" count="2" type="stmt"/>
        <line num="20" count="31" type="stmt"/>
        <line num="22" count="31" type="stmt"/>
        <line num="23" count="2" type="stmt"/>
        <line num="26" count="8" type="cond" truecount="2" falsecount="0"/>
        <line num="30" count="31" type="stmt"/>
        <line num="31" count="0" type="stmt"/>
        <line num="33" count="0" type="stmt"/>
        <line num="37" count="31" type="stmt"/>
        <line num="38" count="5" type="stmt"/>
        <line num="41" count="31" type="stmt"/>
        <line num="42" count="2" type="stmt"/>
        <line num="46" count="8" type="cond" truecount="2" falsecount="0"/>
        <line num="47" count="6" type="cond" truecount="2" falsecount="0"/>
        <line num="48" count="4" type="stmt"/>
        <line num="54" count="31" type="stmt"/>
        <line num="66" count="0" type="stmt"/>
        <line num="83" count="2" type="stmt"/>
        <line num="96" count="0" type="stmt"/>
        <line num="104" count="127" type="stmt"/>
        <line num="120" count="1" type="stmt"/>
        <line num="146" count="5" type="stmt"/>
        <line num="147" count="5" type="stmt"/>
        <line num="159" count="1" type="stmt"/>
        <line num="160" count="1" type="stmt"/>
      </file>
      <file name="QuizExpanded.tsx" path="C:\Users\avasw\quizzer2\src\quizzer\QuizExpanded.tsx">
        <metrics statements="25" coveredstatements="25" conditionals="7" coveredconditionals="6" methods="12" coveredmethods="12"/>
        <line num="9" count="2" type="stmt"/>
        <line num="18" count="26" type="stmt"/>
        <line num="20" count="105" type="cond" truecount="3" falsecount="0"/>
        <line num="23" count="26" type="stmt"/>
        <line num="24" count="26" type="stmt"/>
        <line num="28" count="26" type="stmt"/>
        <line num="29" count="2" type="stmt"/>
        <line num="30" count="2" type="stmt"/>
        <line num="31" count="2" type="stmt"/>
        <line num="34" count="26" type="stmt"/>
        <line num="35" count="58" type="stmt"/>
        <line num="39" count="26" type="stmt"/>
        <line num="40" count="2" type="stmt"/>
        <line num="43" count="26" type="stmt"/>
        <line num="44" count="7" type="stmt"/>
        <line num="45" count="7" type="stmt"/>
        <line num="48" count="28" type="stmt"/>
        <line num="52" count="7" type="stmt"/>
        <line num="55" count="26" type="stmt"/>
        <line num="56" count="2" type="stmt"/>
        <line num="58" count="8" type="cond" truecount="2" falsecount="0"/>
        <line num="62" count="26" type="stmt"/>
        <line num="77" count="6" type="stmt"/>
        <line num="78" count="6" type="stmt"/>
        <line num="94" count="58" type="stmt"/>
      </file>
      <file name="QuizList.tsx" path="C:\Users\avasw\quizzer2\src\quizzer\QuizList.tsx">
        <metrics statements="11" coveredstatements="11" conditionals="4" coveredconditionals="4" methods="5" coveredmethods="5"/>
        <line num="8" count="2" type="stmt"/>
        <line num="17" count="42" type="stmt"/>
        <line num="19" count="42" type="stmt"/>
        <line num="20" count="10" type="stmt"/>
        <line num="23" count="42" type="stmt"/>
        <line num="24" count="1" type="stmt"/>
        <line num="27" count="42" type="stmt"/>
        <line num="32" count="90" type="stmt"/>
        <line num="44" count="210" type="cond" truecount="2" falsecount="0"/>
        <line num="45" count="24" type="stmt"/>
        <line num="55" count="186" type="stmt"/>
      </file>
      <file name="QuizQuestion.tsx" path="C:\Users\avasw\quizzer2\src\quizzer\QuizQuestion.tsx">
        <metrics statements="10" coveredstatements="10" conditionals="14" coveredconditionals="12" methods="4" coveredmethods="4"/>
        <line num="8" count="2" type="stmt"/>
        <line num="21" count="58" type="stmt"/>
        <line num="22" count="2" type="cond" truecount="1" falsecount="1"/>
        <line num="23" count="2" type="stmt"/>
        <line num="27" count="58" type="stmt"/>
        <line num="28" count="2" type="stmt"/>
        <line num="29" count="2" type="cond" truecount="1" falsecount="1"/>
        <line num="30" count="2" type="stmt"/>
        <line num="34" count="58" type="stmt"/>
        <line num="60" count="90" type="stmt"/>
      </file>
      <file name="QuizView.tsx" path="C:\Users\avasw\quizzer2\src\quizzer\QuizView.tsx">
        <metrics statements="5" coveredstatements="5" conditionals="0" coveredconditionals="0" methods="2" coveredmethods="2"/>
        <line num="8" count="2" type="stmt"/>
        <line num="18" count="24" type="stmt"/>
        <line num="20" count="24" type="stmt"/>
        <line num="21" count="11" type="stmt"/>
        <line num="24" count="24" type="stmt"/>
      </file>
      <file name="Quizzer.tsx" path="C:\Users\avasw\quizzer2\src\quizzer\Quizzer.tsx">
        <metrics statements="13" coveredstatements="13" conditionals="2" coveredconditionals="2" methods="10" coveredmethods="10"/>
        <line num="10" count="2" type="stmt"/>
        <line num="11" count="10" type="stmt"/>
        <line num="14" count="40" type="stmt"/>
        <line num="23" count="2" type="stmt"/>
        <line num="24" count="34" type="stmt"/>
        <line num="25" count="32" type="stmt"/>
        <line num="28" count="14" type="stmt"/>
        <line num="29" count="70" type="cond" truecount="2" falsecount="0"/>
        <line num="34" count="1" type="stmt"/>
        <line num="38" count="5" type="stmt"/>
        <line num="41" count="32" type="stmt"/>
        <line num="42" count="32" type="stmt"/>
        <line num="44" count="32" type="stmt"/>
      </file>
    </package>
  </project>
</coverage>
