{"C:\\Users\\avasw\\quizzer2\\src\\App.tsx": {"path":"C:\\Users\\avasw\\quizzer2\\src\\App.tsx","statementMap":{"0":{"start":{"line":8,"column":34},"end":{"line":8,"column":57}},"1":{"start":{"line":10,"column":4},"end":{"line":26,"column":6}},"2":{"start":{"line":16,"column":24},"end":{"line":16,"column":45}}},"fnMap":{"0":{"name":"App","decl":{"start":{"line":7,"column":9},"end":{"line":7,"column":12}},"loc":{"start":{"line":7,"column":28},"end":{"line":27,"column":1}},"line":7},"1":{"name":"(anonymous_1)","decl":{"start":{"line":15,"column":29},"end":{"line":15,"column":30}},"loc":{"start":{"line":15,"column":35},"end":{"line":17,"column":21}},"line":15}},"branchMap":{"0":{"loc":{"start":{"line":19,"column":21},"end":{"line":19,"column":50}},"type":"cond-expr","locations":[{"start":{"line":19,"column":31},"end":{"line":19,"column":40}},{"start":{"line":19,"column":43},"end":{"line":19,"column":50}}],"line":19},"1":{"loc":{"start":{"line":22,"column":35},"end":{"line":22,"column":61}},"type":"cond-expr","locations":[{"start":{"line":22,"column":45},"end":{"line":22,"column":52}},{"start":{"line":22,"column":55},"end":{"line":22,"column":61}}],"line":22}},"s":{"0":2,"1":1,"2":0},"f":{"0":2,"1":0},"b":{"0":[1,0],"1":[1,0]},"_coverageSchema":"1a1c01bbd47fc00a2c39e90264f33305004495a9","hash":"d990fad50f6f55acfa59647ec4e5a7a859da150f"}
,"C:\\Users\\avasw\\quizzer2\\src\\interfaces\\question.ts": {"path":"C:\\Users\\avasw\\quizzer2\\src\\interfaces\\question.ts","statementMap":{},"fnMap":{},"branchMap":{},"s":{},"f":{},"b":{}}
,"C:\\Users\\avasw\\quizzer2\\src\\interfaces\\quiz.ts": {"path":"C:\\Users\\avasw\\quizzer2\\src\\interfaces\\quiz.ts","statementMap":{},"fnMap":{},"branchMap":{},"s":{},"f":{},"b":{}}
,"C:\\Users\\avasw\\quizzer2\\src\\quizzer\\AddQuizModal.tsx": {"path":"C:\\Users\\avasw\\quizzer2\\src\\quizzer\\AddQuizModal.tsx","statementMap":{"0":{"start":{"line":4,"column":28},"end":{"line":67,"column":1}},"1":{"start":{"line":13,"column":30},"end":{"line":13,"column":62}},"2":{"start":{"line":14,"column":28},"end":{"line":14,"column":67}},"3":{"start":{"line":16,"column":24},"end":{"line":21,"column":5}},"4":{"start":{"line":17,"column":8},"end":{"line":17,"column":29}},"5":{"start":{"line":18,"column":8},"end":{"line":18,"column":33}},"6":{"start":{"line":19,"column":8},"end":{"line":19,"column":39}},"7":{"start":{"line":20,"column":8},"end":{"line":20,"column":22}},"8":{"start":{"line":23,"column":4},"end":{"line":66,"column":6}},"9":{"start":{"line":36,"column":33},"end":{"line":36,"column":57}},"10":{"start":{"line":45,"column":33},"end":{"line":45,"column":56}},"11":{"start":{"line":53,"column":28},"end":{"line":53,"column":53}},"12":{"start":{"line":54,"column":28},"end":{"line":54,"column":59}},"13":{"start":{"line":55,"column":28},"end":{"line":55,"column":42}}},"fnMap":{"0":{"name":"(anonymous_0)","decl":{"start":{"line":4,"column":28},"end":{"line":4,"column":29}},"loc":{"start":{"line":12,"column":6},"end":{"line":67,"column":1}},"line":12},"1":{"name":"(anonymous_1)","decl":{"start":{"line":16,"column":24},"end":{"line":16,"column":25}},"loc":{"start":{"line":16,"column":30},"end":{"line":21,"column":5}},"line":16},"2":{"name":"(anonymous_2)","decl":{"start":{"line":34,"column":38},"end":{"line":34,"column":39}},"loc":{"start":{"line":36,"column":33},"end":{"line":36,"column":57}},"line":36},"3":{"name":"(anonymous_3)","decl":{"start":{"line":43,"column":38},"end":{"line":43,"column":39}},"loc":{"start":{"line":45,"column":33},"end":{"line":45,"column":56}},"line":45},"4":{"name":"(anonymous_4)","decl":{"start":{"line":52,"column":33},"end":{"line":52,"column":34}},"loc":{"start":{"line":52,"column":39},"end":{"line":56,"column":25}},"line":52}},"branchMap":{},"s":{"0":2,"1":32,"2":32,"3":32,"4":1,"5":1,"6":1,"7":1,"8":32,"9":0,"10":0,"11":0,"12":0,"13":0},"f":{"0":32,"1":1,"2":0,"3":0,"4":0},"b":{},"_coverageSchema":"1a1c01bbd47fc00a2c39e90264f33305004495a9","hash":"85f874ec6d0bdede20f23b7c2de8c5bdebfcd604"}
,"C:\\Users\\avasw\\quizzer2\\src\\quizzer\\QuestionEdit.tsx": {"path":"C:\\Users\\avasw\\quizzer2\\src\\quizzer\\QuestionEdit.tsx","statementMap":{"0":{"start":{"line":7,"column":28},"end":{"line":258,"column":1}},"1":{"start":{"line":20,"column":19},"end":{"line":22,"column":5}},"2":{"start":{"line":21,"column":50},"end":{"line":21,"column":73}},"3":{"start":{"line":24,"column":29},"end":{"line":34,"column":5}},"4":{"start":{"line":25,"column":8},"end":{"line":25,"column":13}},"5":{"start":{"line":27,"column":12},"end":{"line":27,"column":71}},"6":{"start":{"line":28,"column":8},"end":{"line":33,"column":11}},"7":{"start":{"line":36,"column":24},"end":{"line":44,"column":5}},"8":{"start":{"line":37,"column":8},"end":{"line":37,"column":13}},"9":{"start":{"line":38,"column":8},"end":{"line":43,"column":11}},"10":{"start":{"line":46,"column":25},"end":{"line":49,"column":5}},"11":{"start":{"line":47,"column":5},"end":{"line":47,"column":47}},"12":{"start":{"line":48,"column":8},"end":{"line":48,"column":44}},"13":{"start":{"line":51,"column":31},"end":{"line":62,"column":5}},"14":{"start":{"line":55,"column":27},"end":{"line":55,"column":48}},"15":{"start":{"line":56,"column":8},"end":{"line":56,"column":48}},"16":{"start":{"line":57,"column":8},"end":{"line":61,"column":11}},"17":{"start":{"line":64,"column":30},"end":{"line":71,"column":5}},"18":{"start":{"line":65,"column":20},"end":{"line":65,"column":44}},"19":{"start":{"line":66,"column":8},"end":{"line":66,"column":15}},"20":{"start":{"line":67,"column":8},"end":{"line":70,"column":11}},"21":{"start":{"line":73,"column":4},"end":{"line":257,"column":6}},"22":{"start":{"line":90,"column":36},"end":{"line":93,"column":39}},"23":{"start":{"line":163,"column":44},"end":{"line":166,"column":47}},"24":{"start":{"line":176,"column":44},"end":{"line":203,"column":50}},"25":{"start":{"line":197,"column":56},"end":{"line":200,"column":58}},"26":{"start":{"line":215,"column":32},"end":{"line":215,"column":63}},"27":{"start":{"line":224,"column":32},"end":{"line":224,"column":63}},"28":{"start":{"line":240,"column":28},"end":{"line":243,"column":31}},"29":{"start":{"line":249,"column":28},"end":{"line":249,"column":56}}},"fnMap":{"0":{"name":"(anonymous_0)","decl":{"start":{"line":7,"column":28},"end":{"line":7,"column":29}},"loc":{"start":{"line":19,"column":60},"end":{"line":258,"column":1}},"line":19},"1":{"name":"(anonymous_1)","decl":{"start":{"line":21,"column":35},"end":{"line":21,"column":36}},"loc":{"start":{"line":21,"column":50},"end":{"line":21,"column":73}},"line":21},"2":{"name":"(anonymous_2)","decl":{"start":{"line":24,"column":29},"end":{"line":24,"column":30}},"loc":{"start":{"line":24,"column":73},"end":{"line":34,"column":5}},"line":24},"3":{"name":"(anonymous_3)","decl":{"start":{"line":36,"column":24},"end":{"line":36,"column":25}},"loc":{"start":{"line":36,"column":30},"end":{"line":44,"column":5}},"line":36},"4":{"name":"(anonymous_4)","decl":{"start":{"line":46,"column":25},"end":{"line":46,"column":26}},"loc":{"start":{"line":46,"column":69},"end":{"line":49,"column":5}},"line":46},"5":{"name":"(anonymous_5)","decl":{"start":{"line":51,"column":31},"end":{"line":51,"column":32}},"loc":{"start":{"line":54,"column":9},"end":{"line":62,"column":5}},"line":54},"6":{"name":"(anonymous_6)","decl":{"start":{"line":64,"column":30},"end":{"line":64,"column":31}},"loc":{"start":{"line":64,"column":74},"end":{"line":71,"column":5}},"line":64},"7":{"name":"(anonymous_7)","decl":{"start":{"line":87,"column":42},"end":{"line":87,"column":43}},"loc":{"start":{"line":89,"column":37},"end":{"line":94,"column":33}},"line":89},"8":{"name":"(anonymous_8)","decl":{"start":{"line":160,"column":50},"end":{"line":160,"column":51}},"loc":{"start":{"line":162,"column":45},"end":{"line":167,"column":41}},"line":162},"9":{"name":"(anonymous_9)","decl":{"start":{"line":175,"column":40},"end":{"line":175,"column":41}},"loc":{"start":{"line":176,"column":44},"end":{"line":203,"column":50}},"line":176},"10":{"name":"(anonymous_10)","decl":{"start":{"line":194,"column":62},"end":{"line":194,"column":63}},"loc":{"start":{"line":196,"column":57},"end":{"line":201,"column":53}},"line":196},"11":{"name":"(anonymous_11)","decl":{"start":{"line":214,"column":37},"end":{"line":214,"column":38}},"loc":{"start":{"line":214,"column":43},"end":{"line":216,"column":29}},"line":214},"12":{"name":"(anonymous_12)","decl":{"start":{"line":223,"column":37},"end":{"line":223,"column":38}},"loc":{"start":{"line":223,"column":43},"end":{"line":225,"column":29}},"line":223},"13":{"name":"(anonymous_13)","decl":{"start":{"line":239,"column":34},"end":{"line":239,"column":35}},"loc":{"start":{"line":239,"column":78},"end":{"line":244,"column":25}},"line":239},"14":{"name":"(anonymous_14)","decl":{"start":{"line":248,"column":33},"end":{"line":248,"column":34}},"loc":{"start":{"line":248,"column":39},"end":{"line":250,"column":25}},"line":248}},"branchMap":{"0":{"loc":{"start":{"line":27,"column":12},"end":{"line":27,"column":71}},"type":"cond-expr","locations":[{"start":{"line":27,"column":43},"end":{"line":27,"column":44}},{"start":{"line":27,"column":47},"end":{"line":27,"column":71}}],"line":27},"1":{"loc":{"start":{"line":60,"column":22},"end":{"line":60,"column":66}},"type":"cond-expr","locations":[{"start":{"line":60,"column":32},"end":{"line":60,"column":46}},{"start":{"line":60,"column":49},"end":{"line":60,"column":66}}],"line":60},"2":{"loc":{"start":{"line":109,"column":31},"end":{"line":109,"column":63}},"type":"cond-expr","locations":[{"start":{"line":109,"column":55},"end":{"line":109,"column":58}},{"start":{"line":109,"column":61},"end":{"line":109,"column":63}}],"line":109},"3":{"loc":{"start":{"line":140,"column":29},"end":{"line":152,"column":29}},"type":"binary-expr","locations":[{"start":{"line":140,"column":29},"end":{"line":140,"column":73}},{"start":{"line":141,"column":32},"end":{"line":151,"column":35}}],"line":140},"4":{"loc":{"start":{"line":155,"column":29},"end":{"line":170,"column":29}},"type":"binary-expr","locations":[{"start":{"line":155,"column":29},"end":{"line":155,"column":70}},{"start":{"line":156,"column":32},"end":{"line":169,"column":45}}],"line":155},"5":{"loc":{"start":{"line":171,"column":29},"end":{"line":207,"column":29}},"type":"binary-expr","locations":[{"start":{"line":171,"column":29},"end":{"line":171,"column":73}},{"start":{"line":172,"column":32},"end":{"line":206,"column":45}}],"line":171}},"s":{"0":2,"1":127,"2":126,"3":127,"4":0,"5":0,"6":0,"7":127,"8":1,"9":1,"10":127,"11":0,"12":0,"13":127,"14":0,"15":0,"16":0,"17":127,"18":0,"19":0,"20":0,"21":127,"22":0,"23":0,"24":192,"25":0,"26":2,"27":0,"28":1,"29":0},"f":{"0":127,"1":126,"2":0,"3":1,"4":0,"5":0,"6":0,"7":0,"8":0,"9":192,"10":0,"11":2,"12":0,"13":1,"14":0},"b":{"0":[0,0],"1":[0,0],"2":[31,96],"3":[127,64],"4":[127,63],"5":[127,64]},"_coverageSchema":"1a1c01bbd47fc00a2c39e90264f33305004495a9","hash":"6ea5a5b856de7b7a791a0f59cdb809cb4529946c"}
,"C:\\Users\\avasw\\quizzer2\\src\\quizzer\\QuizCard.tsx": {"path":"C:\\Users\\avasw\\quizzer2\\src\\quizzer\\QuizCard.tsx","statementMap":{"0":{"start":{"line":7,"column":24},"end":{"line":36,"column":1}},"1":{"start":{"line":12,"column":30},"end":{"line":15,"column":5}},"2":{"start":{"line":14,"column":12},"end":{"line":14,"column":62}},"3":{"start":{"line":17,"column":4},"end":{"line":35,"column":6}},"4":{"start":{"line":23,"column":24},"end":{"line":23,"column":45}}},"fnMap":{"0":{"name":"(anonymous_0)","decl":{"start":{"line":7,"column":24},"end":{"line":7,"column":25}},"loc":{"start":{"line":11,"column":43},"end":{"line":36,"column":1}},"line":11},"1":{"name":"(anonymous_1)","decl":{"start":{"line":13,"column":8},"end":{"line":13,"column":9}},"loc":{"start":{"line":14,"column":12},"end":{"line":14,"column":62}},"line":14},"2":{"name":"(anonymous_2)","decl":{"start":{"line":22,"column":29},"end":{"line":22,"column":30}},"loc":{"start":{"line":22,"column":35},"end":{"line":24,"column":21}},"line":22}},"branchMap":{"0":{"loc":{"start":{"line":14,"column":12},"end":{"line":14,"column":62}},"type":"binary-expr","locations":[{"start":{"line":14,"column":13},"end":{"line":14,"column":27}},{"start":{"line":14,"column":31},"end":{"line":14,"column":42}},{"start":{"line":14,"column":47},"end":{"line":14,"column":62}}],"line":14},"1":{"loc":{"start":{"line":30,"column":21},"end":{"line":30,"column":62}},"type":"cond-expr","locations":[{"start":{"line":30,"column":54},"end":{"line":30,"column":57}},{"start":{"line":30,"column":60},"end":{"line":30,"column":62}}],"line":30}},"s":{"0":2,"1":90,"2":356,"3":90,"4":10},"f":{"0":90,"1":356,"2":10},"b":{"0":[356,302,160],"1":[90,0]},"_coverageSchema":"1a1c01bbd47fc00a2c39e90264f33305004495a9","hash":"67fbe24ac35da6c0f32769ddd49b71f9031221bb"}
,"C:\\Users\\avasw\\quizzer2\\src\\quizzer\\QuizEdit.tsx": {"path":"C:\\Users\\avasw\\quizzer2\\src\\quizzer\\QuizEdit.tsx","statementMap":{"0":{"start":{"line":9,"column":24},"end":{"line":169,"column":1}},"1":{"start":{"line":20,"column":34},"end":{"line":20,"column":61}},"2":{"start":{"line":22,"column":25},"end":{"line":28,"column":5}},"3":{"start":{"line":23,"column":8},"end":{"line":27,"column":11}},"4":{"start":{"line":26,"column":16},"end":{"line":26,"column":59}},"5":{"start":{"line":30,"column":27},"end":{"line":35,"column":5}},"6":{"start":{"line":31,"column":8},"end":{"line":34,"column":11}},"7":{"start":{"line":33,"column":81},"end":{"line":33,"column":104}},"8":{"start":{"line":37,"column":24},"end":{"line":39,"column":5}},"9":{"start":{"line":38,"column":8},"end":{"line":38,"column":42}},"10":{"start":{"line":41,"column":25},"end":{"line":52,"column":5}},"11":{"start":{"line":42,"column":8},"end":{"line":51,"column":11}},"12":{"start":{"line":46,"column":20},"end":{"line":46,"column":72}},"13":{"start":{"line":46,"column":38},"end":{"line":46,"column":72}},"14":{"start":{"line":47,"column":20},"end":{"line":47,"column":72}},"15":{"start":{"line":47,"column":38},"end":{"line":47,"column":72}},"16":{"start":{"line":48,"column":20},"end":{"line":48,"column":29}},"17":{"start":{"line":54,"column":4},"end":{"line":168,"column":6}},"18":{"start":{"line":66,"column":36},"end":{"line":69,"column":38}},"19":{"start":{"line":83,"column":32},"end":{"line":86,"column":35}},"20":{"start":{"line":96,"column":28},"end":{"line":96,"column":76}},"21":{"start":{"line":104,"column":20},"end":{"line":112,"column":36}},"22":{"start":{"line":120,"column":24},"end":{"line":135,"column":27}},"23":{"start":{"line":146,"column":32},"end":{"line":146,"column":46}},"24":{"start":{"line":147,"column":32},"end":{"line":147,"column":45}},"25":{"start":{"line":159,"column":28},"end":{"line":159,"column":48}},"26":{"start":{"line":160,"column":28},"end":{"line":160,"column":40}}},"fnMap":{"0":{"name":"(anonymous_0)","decl":{"start":{"line":9,"column":24},"end":{"line":9,"column":25}},"loc":{"start":{"line":19,"column":31},"end":{"line":169,"column":1}},"line":19},"1":{"name":"(anonymous_1)","decl":{"start":{"line":22,"column":25},"end":{"line":22,"column":26}},"loc":{"start":{"line":22,"column":72},"end":{"line":28,"column":5}},"line":22},"2":{"name":"(anonymous_2)","decl":{"start":{"line":25,"column":51},"end":{"line":25,"column":52}},"loc":{"start":{"line":26,"column":16},"end":{"line":26,"column":59}},"line":26},"3":{"name":"(anonymous_3)","decl":{"start":{"line":30,"column":27},"end":{"line":30,"column":28}},"loc":{"start":{"line":30,"column":51},"end":{"line":35,"column":5}},"line":30},"4":{"name":"(anonymous_4)","decl":{"start":{"line":33,"column":54},"end":{"line":33,"column":55}},"loc":{"start":{"line":33,"column":81},"end":{"line":33,"column":104}},"line":33},"5":{"name":"(anonymous_5)","decl":{"start":{"line":37,"column":24},"end":{"line":37,"column":25}},"loc":{"start":{"line":37,"column":30},"end":{"line":39,"column":5}},"line":37},"6":{"name":"(anonymous_6)","decl":{"start":{"line":41,"column":25},"end":{"line":41,"column":26}},"loc":{"start":{"line":41,"column":57},"end":{"line":52,"column":5}},"line":41},"7":{"name":"(anonymous_7)","decl":{"start":{"line":45,"column":16},"end":{"line":45,"column":17}},"loc":{"start":{"line":45,"column":56},"end":{"line":49,"column":17}},"line":45},"8":{"name":"(anonymous_8)","decl":{"start":{"line":63,"column":42},"end":{"line":63,"column":43}},"loc":{"start":{"line":66,"column":36},"end":{"line":69,"column":38}},"line":66},"9":{"name":"(anonymous_9)","decl":{"start":{"line":80,"column":38},"end":{"line":80,"column":39}},"loc":{"start":{"line":82,"column":33},"end":{"line":87,"column":29}},"line":82},"10":{"name":"(anonymous_10)","decl":{"start":{"line":95,"column":34},"end":{"line":95,"column":35}},"loc":{"start":{"line":96,"column":28},"end":{"line":96,"column":76}},"line":96},"11":{"name":"(anonymous_11)","decl":{"start":{"line":103,"column":42},"end":{"line":103,"column":43}},"loc":{"start":{"line":104,"column":20},"end":{"line":112,"column":36}},"line":104},"12":{"name":"(anonymous_12)","decl":{"start":{"line":119,"column":29},"end":{"line":119,"column":30}},"loc":{"start":{"line":119,"column":35},"end":{"line":136,"column":21}},"line":119},"13":{"name":"(anonymous_13)","decl":{"start":{"line":145,"column":37},"end":{"line":145,"column":38}},"loc":{"start":{"line":145,"column":43},"end":{"line":148,"column":29}},"line":145},"14":{"name":"(anonymous_14)","decl":{"start":{"line":158,"column":33},"end":{"line":158,"column":34}},"loc":{"start":{"line":158,"column":39},"end":{"line":161,"column":25}},"line":158}},"branchMap":{"0":{"loc":{"start":{"line":26,"column":16},"end":{"line":26,"column":59}},"type":"cond-expr","locations":[{"start":{"line":26,"column":39},"end":{"line":26,"column":55}},{"start":{"line":26,"column":57},"end":{"line":26,"column":59}}],"line":26},"1":{"loc":{"start":{"line":46,"column":20},"end":{"line":46,"column":72}},"type":"if","locations":[{"start":{"line":46,"column":20},"end":{"line":46,"column":72}},{"start":{},"end":{}}],"line":46},"2":{"loc":{"start":{"line":47,"column":20},"end":{"line":47,"column":72}},"type":"if","locations":[{"start":{"line":47,"column":20},"end":{"line":47,"column":72}},{"start":{},"end":{}}],"line":47}},"s":{"0":2,"1":31,"2":31,"3":2,"4":8,"5":31,"6":0,"7":0,"8":31,"9":5,"10":31,"11":2,"12":8,"13":2,"14":6,"15":2,"16":4,"17":31,"18":0,"19":2,"20":0,"21":127,"22":1,"23":5,"24":5,"25":1,"26":1},"f":{"0":31,"1":2,"2":8,"3":0,"4":0,"5":5,"6":2,"7":8,"8":0,"9":2,"10":0,"11":127,"12":1,"13":5,"14":1},"b":{"0":[2,6],"1":[2,6],"2":[2,4]},"_coverageSchema":"1a1c01bbd47fc00a2c39e90264f33305004495a9","hash":"5f3dc681ce6b442b4a0d6ccc29f03d0f61451efc"}
,"C:\\Users\\avasw\\quizzer2\\src\\quizzer\\QuizExpanded.tsx": {"path":"C:\\Users\\avasw\\quizzer2\\src\\quizzer\\QuizExpanded.tsx","statementMap":{"0":{"start":{"line":9,"column":28},"end":{"line":115,"column":1}},"1":{"start":{"line":18,"column":30},"end":{"line":21,"column":5}},"2":{"start":{"line":20,"column":12},"end":{"line":20,"column":62}},"3":{"start":{"line":23,"column":20},"end":{"line":23,"column":39}},"4":{"start":{"line":24,"column":38},"end":{"line":26,"column":5}},"5":{"start":{"line":28,"column":33},"end":{"line":32,"column":5}},"6":{"start":{"line":29,"column":29},"end":{"line":29,"column":43}},"7":{"start":{"line":30,"column":8},"end":{"line":30,"column":44}},"8":{"start":{"line":31,"column":8},"end":{"line":31,"column":35}},"9":{"start":{"line":34,"column":24},"end":{"line":37,"column":5}},"10":{"start":{"line":35,"column":47},"end":{"line":35,"column":62}},"11":{"start":{"line":39,"column":22},"end":{"line":41,"column":5}},"12":{"start":{"line":40,"column":8},"end":{"line":40,"column":41}},"13":{"start":{"line":40,"column":26},"end":{"line":40,"column":39}},"14":{"start":{"line":43,"column":18},"end":{"line":53,"column":5}},"15":{"start":{"line":44,"column":8},"end":{"line":44,"column":58}},"16":{"start":{"line":45,"column":8},"end":{"line":50,"column":11}},"17":{"start":{"line":48,"column":44},"end":{"line":48,"column":68}},"18":{"start":{"line":52,"column":8},"end":{"line":52,"column":14}},"19":{"start":{"line":55,"column":28},"end":{"line":60,"column":5}},"20":{"start":{"line":56,"column":8},"end":{"line":59,"column":11}},"21":{"start":{"line":58,"column":76},"end":{"line":58,"column":133}},"22":{"start":{"line":62,"column":4},"end":{"line":114,"column":6}},"23":{"start":{"line":77,"column":28},"end":{"line":77,"column":36}},"24":{"start":{"line":78,"column":28},"end":{"line":78,"column":41}},"25":{"start":{"line":94,"column":16},"end":{"line":102,"column":32}}},"fnMap":{"0":{"name":"(anonymous_0)","decl":{"start":{"line":9,"column":28},"end":{"line":9,"column":29}},"loc":{"start":{"line":17,"column":32},"end":{"line":115,"column":1}},"line":17},"1":{"name":"(anonymous_1)","decl":{"start":{"line":19,"column":8},"end":{"line":19,"column":9}},"loc":{"start":{"line":20,"column":12},"end":{"line":20,"column":62}},"line":20},"2":{"name":"(anonymous_2)","decl":{"start":{"line":28,"column":33},"end":{"line":28,"column":34}},"loc":{"start":{"line":28,"column":52},"end":{"line":32,"column":5}},"line":28},"3":{"name":"(anonymous_3)","decl":{"start":{"line":35,"column":8},"end":{"line":35,"column":9}},"loc":{"start":{"line":35,"column":47},"end":{"line":35,"column":62}},"line":35},"4":{"name":"(anonymous_4)","decl":{"start":{"line":39,"column":22},"end":{"line":39,"column":23}},"loc":{"start":{"line":39,"column":37},"end":{"line":41,"column":5}},"line":39},"5":{"name":"(anonymous_5)","decl":{"start":{"line":40,"column":11},"end":{"line":40,"column":12}},"loc":{"start":{"line":40,"column":26},"end":{"line":40,"column":39}},"line":40},"6":{"name":"(anonymous_6)","decl":{"start":{"line":43,"column":18},"end":{"line":43,"column":19}},"loc":{"start":{"line":43,"column":24},"end":{"line":53,"column":5}},"line":43},"7":{"name":"(anonymous_7)","decl":{"start":{"line":48,"column":16},"end":{"line":48,"column":17}},"loc":{"start":{"line":48,"column":44},"end":{"line":48,"column":68}},"line":48},"8":{"name":"(anonymous_8)","decl":{"start":{"line":55,"column":28},"end":{"line":55,"column":29}},"loc":{"start":{"line":55,"column":65},"end":{"line":60,"column":5}},"line":55},"9":{"name":"(anonymous_9)","decl":{"start":{"line":58,"column":48},"end":{"line":58,"column":49}},"loc":{"start":{"line":58,"column":76},"end":{"line":58,"column":133}},"line":58},"10":{"name":"(anonymous_10)","decl":{"start":{"line":76,"column":33},"end":{"line":76,"column":34}},"loc":{"start":{"line":76,"column":39},"end":{"line":79,"column":25}},"line":76},"11":{"name":"(anonymous_11)","decl":{"start":{"line":93,"column":35},"end":{"line":93,"column":36}},"loc":{"start":{"line":94,"column":16},"end":{"line":102,"column":32}},"line":94}},"branchMap":{"0":{"loc":{"start":{"line":20,"column":12},"end":{"line":20,"column":62}},"type":"binary-expr","locations":[{"start":{"line":20,"column":13},"end":{"line":20,"column":27}},{"start":{"line":20,"column":31},"end":{"line":20,"column":42}},{"start":{"line":20,"column":47},"end":{"line":20,"column":62}}],"line":20},"1":{"loc":{"start":{"line":58,"column":76},"end":{"line":58,"column":133}},"type":"cond-expr","locations":[{"start":{"line":58,"column":99},"end":{"line":58,"column":123}},{"start":{"line":58,"column":126},"end":{"line":58,"column":133}}],"line":58},"2":{"loc":{"start":{"line":69,"column":25},"end":{"line":69,"column":66}},"type":"cond-expr","locations":[{"start":{"line":69,"column":58},"end":{"line":69,"column":61}},{"start":{"line":69,"column":64},"end":{"line":69,"column":66}}],"line":69}},"s":{"0":2,"1":26,"2":105,"3":26,"4":26,"5":26,"6":2,"7":2,"8":2,"9":26,"10":58,"11":26,"12":2,"13":2,"14":26,"15":7,"16":7,"17":28,"18":7,"19":26,"20":2,"21":8,"22":26,"23":6,"24":6,"25":58},"f":{"0":26,"1":105,"2":2,"3":58,"4":2,"5":2,"6":7,"7":28,"8":2,"9":8,"10":6,"11":58},"b":{"0":[105,96,56],"1":[2,6],"2":[26,0]},"_coverageSchema":"1a1c01bbd47fc00a2c39e90264f33305004495a9","hash":"f749795db4fe33bcc36e3348826d9c7270ea9741"}
,"C:\\Users\\avasw\\quizzer2\\src\\quizzer\\QuizList.tsx": {"path":"C:\\Users\\avasw\\quizzer2\\src\\quizzer\\QuizList.tsx","statementMap":{"0":{"start":{"line":8,"column":24},"end":{"line":60,"column":1}},"1":{"start":{"line":17,"column":38},"end":{"line":17,"column":67}},"2":{"start":{"line":19,"column":27},"end":{"line":21,"column":5}},"3":{"start":{"line":20,"column":8},"end":{"line":20,"column":25}},"4":{"start":{"line":23,"column":26},"end":{"line":25,"column":5}},"5":{"start":{"line":24,"column":8},"end":{"line":24,"column":27}},"6":{"start":{"line":27,"column":4},"end":{"line":59,"column":6}},"7":{"start":{"line":32,"column":24},"end":{"line":36,"column":36}},"8":{"start":{"line":44,"column":16},"end":{"line":56,"column":17}},"9":{"start":{"line":45,"column":20},"end":{"line":53,"column":22}},"10":{"start":{"line":55,"column":20},"end":{"line":55,"column":41}}},"fnMap":{"0":{"name":"(anonymous_0)","decl":{"start":{"line":8,"column":24},"end":{"line":8,"column":25}},"loc":{"start":{"line":16,"column":31},"end":{"line":60,"column":1}},"line":16},"1":{"name":"(anonymous_1)","decl":{"start":{"line":19,"column":27},"end":{"line":19,"column":28}},"loc":{"start":{"line":19,"column":43},"end":{"line":21,"column":5}},"line":19},"2":{"name":"(anonymous_2)","decl":{"start":{"line":23,"column":26},"end":{"line":23,"column":27}},"loc":{"start":{"line":23,"column":32},"end":{"line":25,"column":5}},"line":23},"3":{"name":"(anonymous_3)","decl":{"start":{"line":31,"column":33},"end":{"line":31,"column":34}},"loc":{"start":{"line":32,"column":24},"end":{"line":36,"column":36}},"line":32},"4":{"name":"(anonymous_4)","decl":{"start":{"line":43,"column":25},"end":{"line":43,"column":26}},"loc":{"start":{"line":43,"column":41},"end":{"line":57,"column":13}},"line":43}},"branchMap":{"0":{"loc":{"start":{"line":29,"column":13},"end":{"line":42,"column":13}},"type":"binary-expr","locations":[{"start":{"line":29,"column":13},"end":{"line":29,"column":23}},{"start":{"line":30,"column":16},"end":{"line":41,"column":19}}],"line":29},"1":{"loc":{"start":{"line":44,"column":16},"end":{"line":56,"column":17}},"type":"if","locations":[{"start":{"line":44,"column":16},"end":{"line":56,"column":17}},{"start":{"line":54,"column":22},"end":{"line":56,"column":17}}],"line":44}},"s":{"0":2,"1":42,"2":42,"3":10,"4":42,"5":1,"6":42,"7":90,"8":210,"9":24,"10":186},"f":{"0":42,"1":10,"2":1,"3":90,"4":210},"b":{"0":[42,18],"1":[24,186]},"_coverageSchema":"1a1c01bbd47fc00a2c39e90264f33305004495a9","hash":"a1bd367202580ec4beafc53675bcaeae382a9ff6"}
,"C:\\Users\\avasw\\quizzer2\\src\\quizzer\\QuizQuestion.tsx": {"path":"C:\\Users\\avasw\\quizzer2\\src\\quizzer\\QuizQuestion.tsx","statementMap":{"0":{"start":{"line":8,"column":28},"end":{"line":91,"column":1}},"1":{"start":{"line":21,"column":24},"end":{"line":25,"column":5}},"2":{"start":{"line":22,"column":8},"end":{"line":24,"column":9}},"3":{"start":{"line":23,"column":12},"end":{"line":23,"column":57}},"4":{"start":{"line":27,"column":30},"end":{"line":32,"column":5}},"5":{"start":{"line":28,"column":8},"end":{"line":28,"column":28}},"6":{"start":{"line":29,"column":8},"end":{"line":31,"column":9}},"7":{"start":{"line":30,"column":12},"end":{"line":30,"column":25}},"8":{"start":{"line":34,"column":4},"end":{"line":90,"column":6}},"9":{"start":{"line":60,"column":36},"end":{"line":68,"column":38}}},"fnMap":{"0":{"name":"(anonymous_0)","decl":{"start":{"line":8,"column":28},"end":{"line":8,"column":29}},"loc":{"start":{"line":20,"column":77},"end":{"line":91,"column":1}},"line":20},"1":{"name":"(anonymous_1)","decl":{"start":{"line":21,"column":24},"end":{"line":21,"column":25}},"loc":{"start":{"line":21,"column":44},"end":{"line":25,"column":5}},"line":21},"2":{"name":"(anonymous_2)","decl":{"start":{"line":27,"column":30},"end":{"line":27,"column":31}},"loc":{"start":{"line":27,"column":36},"end":{"line":32,"column":5}},"line":27},"3":{"name":"(anonymous_3)","decl":{"start":{"line":59,"column":32},"end":{"line":59,"column":33}},"loc":{"start":{"line":60,"column":36},"end":{"line":68,"column":38}},"line":60}},"branchMap":{"0":{"loc":{"start":{"line":22,"column":8},"end":{"line":24,"column":9}},"type":"if","locations":[{"start":{"line":22,"column":8},"end":{"line":24,"column":9}},{"start":{},"end":{}}],"line":22},"1":{"loc":{"start":{"line":29,"column":8},"end":{"line":31,"column":9}},"type":"if","locations":[{"start":{"line":29,"column":8},"end":{"line":31,"column":9}},{"start":{},"end":{}}],"line":29},"2":{"loc":{"start":{"line":43,"column":45},"end":{"line":43,"column":77}},"type":"cond-expr","locations":[{"start":{"line":43,"column":69},"end":{"line":43,"column":72}},{"start":{"line":43,"column":75},"end":{"line":43,"column":77}}],"line":43},"3":{"loc":{"start":{"line":47,"column":21},"end":{"line":55,"column":21}},"type":"binary-expr","locations":[{"start":{"line":47,"column":21},"end":{"line":47,"column":62}},{"start":{"line":48,"column":24},"end":{"line":54,"column":37}}],"line":47},"4":{"loc":{"start":{"line":56,"column":21},"end":{"line":72,"column":21}},"type":"binary-expr","locations":[{"start":{"line":56,"column":21},"end":{"line":56,"column":65}},{"start":{"line":57,"column":24},"end":{"line":71,"column":30}}],"line":56},"5":{"loc":{"start":{"line":74,"column":39},"end":{"line":74,"column":64}},"type":"cond-expr","locations":[{"start":{"line":74,"column":51},"end":{"line":74,"column":53}},{"start":{"line":74,"column":56},"end":{"line":74,"column":64}}],"line":74},"6":{"loc":{"start":{"line":75,"column":29},"end":{"line":77,"column":37}},"type":"cond-expr","locations":[{"start":{"line":76,"column":34},"end":{"line":76,"column":38}},{"start":{"line":77,"column":34},"end":{"line":77,"column":37}}],"line":75}},"s":{"0":2,"1":58,"2":2,"3":2,"4":58,"5":2,"6":2,"7":2,"8":58,"9":90},"f":{"0":58,"1":2,"2":2,"3":90},"b":{"0":[2,0],"1":[2,0],"2":[3,55],"3":[58,28],"4":[58,30],"5":[2,56],"6":[4,54]},"_coverageSchema":"1a1c01bbd47fc00a2c39e90264f33305004495a9","hash":"f7b298d51ba48057a405bcc1e4d03f94ee6645e3"}
,"C:\\Users\\avasw\\quizzer2\\src\\quizzer\\QuizView.tsx": {"path":"C:\\Users\\avasw\\quizzer2\\src\\quizzer\\QuizView.tsx","statementMap":{"0":{"start":{"line":8,"column":24},"end":{"line":45,"column":1}},"1":{"start":{"line":18,"column":28},"end":{"line":18,"column":43}},"2":{"start":{"line":20,"column":23},"end":{"line":22,"column":5}},"3":{"start":{"line":21,"column":8},"end":{"line":21,"column":22}},"4":{"start":{"line":24,"column":4},"end":{"line":44,"column":6}}},"fnMap":{"0":{"name":"(anonymous_0)","decl":{"start":{"line":8,"column":24},"end":{"line":8,"column":25}},"loc":{"start":{"line":17,"column":6},"end":{"line":45,"column":1}},"line":17},"1":{"name":"(anonymous_1)","decl":{"start":{"line":20,"column":23},"end":{"line":20,"column":24}},"loc":{"start":{"line":20,"column":29},"end":{"line":22,"column":5}},"line":20}},"branchMap":{},"s":{"0":2,"1":24,"2":24,"3":11,"4":24},"f":{"0":24,"1":11},"b":{},"_coverageSchema":"1a1c01bbd47fc00a2c39e90264f33305004495a9","hash":"ca45185e57617858c2dc2fd952ea39cb71acccb0"}
,"C:\\Users\\avasw\\quizzer2\\src\\quizzer\\Quizzer.tsx": {"path":"C:\\Users\\avasw\\quizzer2\\src\\quizzer\\Quizzer.tsx","statementMap":{"0":{"start":{"line":10,"column":16},"end":{"line":21,"column":1}},"1":{"start":{"line":11,"column":21},"end":{"line":20,"column":5}},"2":{"start":{"line":14,"column":30},"end":{"line":18,"column":13}},"3":{"start":{"line":23,"column":23},"end":{"line":108,"column":1}},"4":{"start":{"line":24,"column":34},"end":{"line":24,"column":59}},"5":{"start":{"line":25,"column":44},"end":{"line":25,"column":59}},"6":{"start":{"line":28,"column":8},"end":{"line":30,"column":10}},"7":{"start":{"line":29,"column":44},"end":{"line":29,"column":70}},"8":{"start":{"line":34,"column":8},"end":{"line":34,"column":121}},"9":{"start":{"line":38,"column":8},"end":{"line":38,"column":71}},"10":{"start":{"line":38,"column":56},"end":{"line":38,"column":68}},"11":{"start":{"line":41,"column":28},"end":{"line":41,"column":55}},"12":{"start":{"line":41,"column":34},"end":{"line":41,"column":55}},"13":{"start":{"line":42,"column":29},"end":{"line":42,"column":57}},"14":{"start":{"line":42,"column":35},"end":{"line":42,"column":57}},"15":{"start":{"line":44,"column":4},"end":{"line":107,"column":6}}},"fnMap":{"0":{"name":"(anonymous_0)","decl":{"start":{"line":11,"column":4},"end":{"line":11,"column":5}},"loc":{"start":{"line":11,"column":21},"end":{"line":20,"column":5}},"line":11},"1":{"name":"(anonymous_1)","decl":{"start":{"line":14,"column":12},"end":{"line":14,"column":13}},"loc":{"start":{"line":14,"column":30},"end":{"line":18,"column":13}},"line":14},"2":{"name":"(anonymous_2)","decl":{"start":{"line":23,"column":23},"end":{"line":23,"column":24}},"loc":{"start":{"line":23,"column":29},"end":{"line":108,"column":1}},"line":23},"3":{"name":"editQuiz","decl":{"start":{"line":27,"column":13},"end":{"line":27,"column":21}},"loc":{"start":{"line":27,"column":50},"end":{"line":31,"column":5}},"line":27},"4":{"name":"(anonymous_4)","decl":{"start":{"line":29,"column":24},"end":{"line":29,"column":25}},"loc":{"start":{"line":29,"column":44},"end":{"line":29,"column":70}},"line":29},"5":{"name":"addQuiz","decl":{"start":{"line":33,"column":13},"end":{"line":33,"column":20}},"loc":{"start":{"line":33,"column":50},"end":{"line":35,"column":5}},"line":33},"6":{"name":"deleteQuiz","decl":{"start":{"line":37,"column":13},"end":{"line":37,"column":23}},"loc":{"start":{"line":37,"column":37},"end":{"line":39,"column":5}},"line":37},"7":{"name":"(anonymous_7)","decl":{"start":{"line":38,"column":34},"end":{"line":38,"column":35}},"loc":{"start":{"line":38,"column":56},"end":{"line":38,"column":68}},"line":38},"8":{"name":"(anonymous_8)","decl":{"start":{"line":41,"column":28},"end":{"line":41,"column":29}},"loc":{"start":{"line":41,"column":34},"end":{"line":41,"column":55}},"line":41},"9":{"name":"(anonymous_9)","decl":{"start":{"line":42,"column":29},"end":{"line":42,"column":30}},"loc":{"start":{"line":42,"column":35},"end":{"line":42,"column":57}},"line":42}},"branchMap":{"0":{"loc":{"start":{"line":29,"column":44},"end":{"line":29,"column":70}},"type":"cond-expr","locations":[{"start":{"line":29,"column":59},"end":{"line":29,"column":66}},{"start":{"line":29,"column":69},"end":{"line":29,"column":70}}],"line":29}},"s":{"0":2,"1":10,"2":40,"3":2,"4":34,"5":32,"6":14,"7":70,"8":1,"9":1,"10":5,"11":32,"12":1,"13":32,"14":1,"15":32},"f":{"0":10,"1":40,"2":34,"3":14,"4":70,"5":1,"6":1,"7":5,"8":1,"9":1},"b":{"0":[14,56]},"_coverageSchema":"1a1c01bbd47fc00a2c39e90264f33305004495a9","hash":"aa18c24d7d8b741dc6e145f8a2c7293fa37ecd92"}
}
