TN:
SF:src\App.tsx
FN:7,App
FN:15,(anonymous_1)
FNF:2
FNH:1
FNDA:2,App
FNDA:0,(anonymous_1)
DA:8,2
DA:10,1
DA:16,0
LF:3
LH:2
BRDA:19,0,0,1
BRDA:19,0,1,0
BRDA:22,1,0,1
BRDA:22,1,1,0
BRF:4
BRH:2
end_of_record
TN:
SF:src\interfaces\question.ts
FNF:0
FNH:0
LF:0
LH:0
BRF:0
BRH:0
end_of_record
TN:
SF:src\interfaces\quiz.ts
FNF:0
FNH:0
LF:0
LH:0
BRF:0
BRH:0
end_of_record
TN:
SF:src\quizzer\AddQuizModal.tsx
FN:4,(anonymous_0)
FN:16,(anonymous_1)
FN:34,(anonymous_2)
FN:43,(anonymous_3)
FN:52,(anonymous_4)
FNF:5
FNH:2
FNDA:32,(anonymous_0)
FNDA:1,(anonymous_1)
FNDA:0,(anonymous_2)
FNDA:0,(anonymous_3)
FNDA:0,(anonymous_4)
DA:4,2
DA:13,32
DA:14,32
DA:16,32
DA:17,1
DA:18,1
DA:19,1
DA:20,1
DA:23,32
DA:36,0
DA:45,0
DA:53,0
DA:54,0
DA:55,0
LF:14
LH:9
BRF:0
BRH:0
end_of_record
TN:
SF:src\quizzer\QuestionEdit.tsx
FN:7,(anonymous_0)
FN:21,(anonymous_1)
FN:24,(anonymous_2)
FN:36,(anonymous_3)
FN:46,(anonymous_4)
FN:51,(anonymous_5)
FN:64,(anonymous_6)
FN:87,(anonymous_7)
FN:160,(anonymous_8)
FN:175,(anonymous_9)
FN:194,(anonymous_10)
FN:214,(anonymous_11)
FN:223,(anonymous_12)
FN:239,(anonymous_13)
FN:248,(anonymous_14)
FNF:15
FNH:6
FNDA:127,(anonymous_0)
FNDA:126,(anonymous_1)
FNDA:0,(anonymous_2)
FNDA:1,(anonymous_3)
FNDA:0,(anonymous_4)
FNDA:0,(anonymous_5)
FNDA:0,(anonymous_6)
FNDA:0,(anonymous_7)
FNDA:0,(anonymous_8)
FNDA:192,(anonymous_9)
FNDA:0,(anonymous_10)
FNDA:2,(anonymous_11)
FNDA:0,(anonymous_12)
FNDA:1,(anonymous_13)
FNDA:0,(anonymous_14)
DA:7,2
DA:20,127
DA:21,126
DA:24,127
DA:25,0
DA:27,0
DA:28,0
DA:36,127
DA:37,1
DA:38,1
DA:46,127
DA:47,0
DA:48,0
DA:51,127
DA:55,0
DA:56,0
DA:57,0
DA:64,127
DA:65,0
DA:66,0
DA:67,0
DA:73,127
DA:90,0
DA:163,0
DA:176,192
DA:197,0
DA:215,2
DA:224,0
DA:240,1
DA:249,0
LF:30
LH:14
BRDA:27,0,0,0
BRDA:27,0,1,0
BRDA:60,1,0,0
BRDA:60,1,1,0
BRDA:109,2,0,31
BRDA:109,2,1,96
BRDA:140,3,0,127
BRDA:140,3,1,64
BRDA:155,4,0,127
BRDA:155,4,1,63
BRDA:171,5,0,127
BRDA:171,5,1,64
BRF:12
BRH:8
end_of_record
TN:
SF:src\quizzer\QuizCard.tsx
FN:7,(anonymous_0)
FN:13,(anonymous_1)
FN:22,(anonymous_2)
FNF:3
FNH:3
FNDA:90,(anonymous_0)
FNDA:356,(anonymous_1)
FNDA:10,(anonymous_2)
DA:7,2
DA:12,90
DA:14,356
DA:17,90
DA:23,10
LF:5
LH:5
BRDA:14,0,0,356
BRDA:14,0,1,302
BRDA:14,0,2,160
BRDA:30,1,0,90
BRDA:30,1,1,0
BRF:5
BRH:4
end_of_record
TN:
SF:src\quizzer\QuizEdit.tsx
FN:9,(anonymous_0)
FN:22,(anonymous_1)
FN:25,(anonymous_2)
FN:30,(anonymous_3)
FN:33,(anonymous_4)
FN:37,(anonymous_5)
FN:41,(anonymous_6)
FN:45,(anonymous_7)
FN:63,(anonymous_8)
FN:80,(anonymous_9)
FN:95,(anonymous_10)
FN:103,(anonymous_11)
FN:119,(anonymous_12)
FN:145,(anonymous_13)
FN:158,(anonymous_14)
FNF:15
FNH:11
FNDA:31,(anonymous_0)
FNDA:2,(anonymous_1)
FNDA:8,(anonymous_2)
FNDA:0,(anonymous_3)
FNDA:0,(anonymous_4)
FNDA:5,(anonymous_5)
FNDA:2,(anonymous_6)
FNDA:8,(anonymous_7)
FNDA:0,(anonymous_8)
FNDA:2,(anonymous_9)
FNDA:0,(anonymous_10)
FNDA:127,(anonymous_11)
FNDA:1,(anonymous_12)
FNDA:5,(anonymous_13)
FNDA:1,(anonymous_14)
DA:9,2
DA:20,31
DA:22,31
DA:23,2
DA:26,8
DA:30,31
DA:31,0
DA:33,0
DA:37,31
DA:38,5
DA:41,31
DA:42,2
DA:46,8
DA:47,6
DA:48,4
DA:54,31
DA:66,0
DA:83,2
DA:96,0
DA:104,127
DA:120,1
DA:146,5
DA:147,5
DA:159,1
DA:160,1
LF:25
LH:21
BRDA:26,0,0,2
BRDA:26,0,1,6
BRDA:46,1,0,2
BRDA:46,1,1,6
BRDA:47,2,0,2
BRDA:47,2,1,4
BRF:6
BRH:6
end_of_record
TN:
SF:src\quizzer\QuizExpanded.tsx
FN:9,(anonymous_0)
FN:19,(anonymous_1)
FN:28,(anonymous_2)
FN:35,(anonymous_3)
FN:39,(anonymous_4)
FN:40,(anonymous_5)
FN:43,(anonymous_6)
FN:48,(anonymous_7)
FN:55,(anonymous_8)
FN:58,(anonymous_9)
FN:76,(anonymous_10)
FN:93,(anonymous_11)
FNF:12
FNH:12
FNDA:26,(anonymous_0)
FNDA:105,(anonymous_1)
FNDA:2,(anonymous_2)
FNDA:58,(anonymous_3)
FNDA:2,(anonymous_4)
FNDA:2,(anonymous_5)
FNDA:7,(anonymous_6)
FNDA:28,(anonymous_7)
FNDA:2,(anonymous_8)
FNDA:8,(anonymous_9)
FNDA:6,(anonymous_10)
FNDA:58,(anonymous_11)
DA:9,2
DA:18,26
DA:20,105
DA:23,26
DA:24,26
DA:28,26
DA:29,2
DA:30,2
DA:31,2
DA:34,26
DA:35,58
DA:39,26
DA:40,2
DA:43,26
DA:44,7
DA:45,7
DA:48,28
DA:52,7
DA:55,26
DA:56,2
DA:58,8
DA:62,26
DA:77,6
DA:78,6
DA:94,58
LF:25
LH:25
BRDA:20,0,0,105
BRDA:20,0,1,96
BRDA:20,0,2,56
BRDA:58,1,0,2
BRDA:58,1,1,6
BRDA:69,2,0,26
BRDA:69,2,1,0
BRF:7
BRH:6
end_of_record
TN:
SF:src\quizzer\QuizList.tsx
FN:8,(anonymous_0)
FN:19,(anonymous_1)
FN:23,(anonymous_2)
FN:31,(anonymous_3)
FN:43,(anonymous_4)
FNF:5
FNH:5
FNDA:42,(anonymous_0)
FNDA:10,(anonymous_1)
FNDA:1,(anonymous_2)
FNDA:90,(anonymous_3)
FNDA:210,(anonymous_4)
DA:8,2
DA:17,42
DA:19,42
DA:20,10
DA:23,42
DA:24,1
DA:27,42
DA:32,90
DA:44,210
DA:45,24
DA:55,186
LF:11
LH:11
BRDA:29,0,0,42
BRDA:29,0,1,18
BRDA:44,1,0,24
BRDA:44,1,1,186
BRF:4
BRH:4
end_of_record
TN:
SF:src\quizzer\QuizQuestion.tsx
FN:8,(anonymous_0)
FN:21,(anonymous_1)
FN:27,(anonymous_2)
FN:59,(anonymous_3)
FNF:4
FNH:4
FNDA:58,(anonymous_0)
FNDA:2,(anonymous_1)
FNDA:2,(anonymous_2)
FNDA:90,(anonymous_3)
DA:8,2
DA:21,58
DA:22,2
DA:23,2
DA:27,58
DA:28,2
DA:29,2
DA:30,2
DA:34,58
DA:60,90
LF:10
LH:10
BRDA:22,0,0,2
BRDA:22,0,1,0
BRDA:29,1,0,2
BRDA:29,1,1,0
BRDA:43,2,0,3
BRDA:43,2,1,55
BRDA:47,3,0,58
BRDA:47,3,1,28
BRDA:56,4,0,58
BRDA:56,4,1,30
BRDA:74,5,0,2
BRDA:74,5,1,56
BRDA:75,6,0,4
BRDA:75,6,1,54
BRF:14
BRH:12
end_of_record
TN:
SF:src\quizzer\QuizView.tsx
FN:8,(anonymous_0)
FN:20,(anonymous_1)
FNF:2
FNH:2
FNDA:24,(anonymous_0)
FNDA:11,(anonymous_1)
DA:8,2
DA:18,24
DA:20,24
DA:21,11
DA:24,24
LF:5
LH:5
BRF:0
BRH:0
end_of_record
TN:
SF:src\quizzer\Quizzer.tsx
FN:11,(anonymous_0)
FN:14,(anonymous_1)
FN:23,(anonymous_2)
FN:27,editQuiz
FN:29,(anonymous_4)
FN:33,addQuiz
FN:37,deleteQuiz
FN:38,(anonymous_7)
FN:41,(anonymous_8)
FN:42,(anonymous_9)
FNF:10
FNH:10
FNDA:10,(anonymous_0)
FNDA:40,(anonymous_1)
FNDA:34,(anonymous_2)
FNDA:14,editQuiz
FNDA:70,(anonymous_4)
FNDA:1,addQuiz
FNDA:1,deleteQuiz
FNDA:5,(anonymous_7)
FNDA:1,(anonymous_8)
FNDA:1,(anonymous_9)
DA:10,2
DA:11,10
DA:14,40
DA:23,2
DA:24,34
DA:25,32
DA:28,14
DA:29,70
DA:34,1
DA:38,5
DA:41,32
DA:42,32
DA:44,32
LF:13
LH:13
BRDA:29,0,0,14
BRDA:29,0,1,56
BRF:2
BRH:2
end_of_record
